C:\Program Files\Microsoft Visual Studio\2022\Community\MSBuild\Microsoft\VC\v170\Microsoft.CppBuild.targets(531,5): warning MSB8028: The intermediate directory (x64\Debug\) contains files shared from another project (Projekt_pk4_Nibbles.vcxproj, Projekt_pk4_Nibbles_v3.vcxproj).  This can lead to incorrect clean and rebuild behavior.
  Scanning sources for module dependencies...
  score.ixx
  Compiling...
  score.ixx
  apple.cpp
D:\Studia\sem 4\PK4\Projekt\Projekt_pk4_Nibbles\apple.hpp(4,10): fatal  error C1083: Cannot open include file: 'SFML/Graphics.hpp': No such file or directory
  draw.cpp
D:\Studia\sem 4\PK4\Projekt\Projekt_pk4_Nibbles\snakesection.hpp(5,10): fatal  error C1083: Cannot open include file: 'SFML/Graphics.hpp': No such file or directory
  engine.cpp
D:\Studia\sem 4\PK4\Projekt\Projekt_pk4_Nibbles\snakesection.hpp(5,10): fatal  error C1083: Cannot open include file: 'SFML/Graphics.hpp': No such file or directory
  graphicObject.cpp
D:\Studia\sem 4\PK4\Projekt\Projekt_pk4_Nibbles\graphicObject.hpp(4,10): fatal  error C1083: Cannot open include file: 'SFML/Graphics.hpp': No such file or directory
  input.cpp
D:\Studia\sem 4\PK4\Projekt\Projekt_pk4_Nibbles\snakesection.hpp(5,10): fatal  error C1083: Cannot open include file: 'SFML/Graphics.hpp': No such file or directory
  Projekt_pk4_Nibbles.cpp
D:\Studia\sem 4\PK4\Projekt\Projekt_pk4_Nibbles\snakesection.hpp(5,10): fatal  error C1083: Cannot open include file: 'SFML/Graphics.hpp': No such file or directory
  snakesection.cpp
D:\Studia\sem 4\PK4\Projekt\Projekt_pk4_Nibbles\snakesection.hpp(5,10): fatal  error C1083: Cannot open include file: 'SFML/Graphics.hpp': No such file or directory
  superapple.cpp
D:\Studia\sem 4\PK4\Projekt\Projekt_pk4_Nibbles\apple.hpp(4,10): fatal  error C1083: Cannot open include file: 'SFML/Graphics.hpp': No such file or directory
  update.cpp
D:\Studia\sem 4\PK4\Projekt\Projekt_pk4_Nibbles\snakesection.hpp(5,10): fatal  error C1083: Cannot open include file: 'SFML/Graphics.hpp': No such file or directory
  wall.cpp
D:\Studia\sem 4\PK4\Projekt\Projekt_pk4_Nibbles\wall.hpp(4,10): fatal  error C1083: Cannot open include file: 'SFML/Graphics.hpp': No such file or directory
  Generating Code...
